<?xml version="1.0" encoding="UTF-8"?>
<!-- Generated by org.testng.reporters.JUnitReportReporter -->
<testsuite hostname="Suvi" failures="0" tests="1" name="test_Cases.Signup_Test_Cases" time="15.506" errors="0" timestamp="2023-07-12T11:00:55 AEST" skipped="0">
  <testcase classname="test_Cases.Signup_Test_Cases" name="Signup_Verification" time="15.506"/>
</testsuite> <!-- test_Cases.Signup_Test_Cases -->
