<?xml version="1.0" encoding="UTF-8"?>
<!-- Generated by org.testng.reporters.JUnitReportReporter -->
<testsuite hostname="Suvi" failures="0" tests="1" name="page_ObjectModel.Signup_Page_Objects" time="7.908" errors="0" timestamp="2023-07-09T22:07:07 AEST" skipped="0">
  <testcase classname="page_ObjectModel.Signup_Page_Objects" name="Verify_Signup" time="7.908"/>
</testsuite> <!-- page_ObjectModel.Signup_Page_Objects -->
