<?xml version="1.0" encoding="UTF-8"?>
<!-- Generated by org.testng.reporters.JUnitReportReporter -->
<testsuite hostname="Suvi" failures="0" tests="3" name="test_Cases.Login_Test_Cases" time="16.383" errors="0" timestamp="2023-07-12T11:00:55 AEST" skipped="0">
  <testcase classname="test_Cases.Login_Test_Cases" name="Verify_Login" time="7.390"/>
  <testcase classname="test_Cases.Login_Test_Cases" name="Verify_Login" time="4.248"/>
  <testcase classname="test_Cases.Login_Test_Cases" name="Verify_Login" time="4.745"/>
</testsuite> <!-- test_Cases.Login_Test_Cases -->
